[    0.000000] Linux version 4.15.0-101-generic (buildd@lgw01-amd64-003) (gcc version 7.5.0 (Ubuntu 7.5.0-3ubuntu1~18.04)) #102-Ubuntu SMP Mon May 11 10:07:26 UTC 2020 (Ubuntu 4.15.0-101.102-generic 4.15.18)
[    0.000000] Command line: BOOT_IMAGE=/boot/vmlinuz-4.15.0-101-generic root=LABEL=cloudimg-rootfs ro console=tty1 console=ttyS0
[    0.000000] KERNEL supported cpus:
[    0.000000]   Intel GenuineIntel
[    0.000000]   AMD AuthenticAMD
[    0.000000]   Centaur CentaurHauls
[    0.000000] x86/fpu: Supporting XSAVE feature 0x001: 'x87 floating point registers'
[    0.000000] x86/fpu: Supporting XSAVE feature 0x002: 'SSE registers'
[    0.000000] x86/fpu: Supporting XSAVE feature 0x004: 'AVX registers'
[    0.000000] x86/fpu: xstate_offset[2]:  576, xstate_sizes[2]:  256
[    0.000000] x86/fpu: Enabled xstate features 0x7, context size is 832 bytes, using 'standard' format.
[    0.000000] e820: BIOS-provided physical RAM map:
[    0.000000] BIOS-e820: [mem 0x0000000000000000-0x000000000009fbff] usable
[    0.000000] BIOS-e820: [mem 0x000000000009fc00-0x000000000009ffff] reserved
[    0.000000] BIOS-e820: [mem 0x00000000000f0000-0x00000000000fffff] reserved
[    0.000000] BIOS-e820: [mem 0x0000000000100000-0x000000001ffeffff] usable
[    0.000000] BIOS-e820: [mem 0x000000001fff0000-0x000000001fffffff] ACPI data
[    0.000000] BIOS-e820: [mem 0x00000000fec00000-0x00000000fec00fff] reserved
[    0.000000] BIOS-e820: [mem 0x00000000fee00000-0x00000000fee00fff] reserved
[    0.000000] BIOS-e820: [mem 0x00000000fffc0000-0x00000000ffffffff] reserved
[    0.000000] NX (Execute Disable) protection: active
[    0.000000] SMBIOS 2.5 present.
[    0.000000] DMI: innotek GmbH VirtualBox/VirtualBox, BIOS VirtualBox 12/01/2006
[    0.000000] Hypervisor detected: KVM
[    0.000000] e820: last_pfn = 0x1fff0 max_arch_pfn = 0x400000000
[    0.000000] MTRR: Disabled
[    0.000000] x86/PAT: MTRRs disabled, skipping PAT initialization too.
[    0.000000] CPU MTRRs all blank - virtualized system.
[    0.000000] x86/PAT: Configuration [0-7]: WB  WT  UC- UC  WB  WT  UC- UC  
[    0.000000] found SMP MP-table at [mem 0x0009fff0-0x0009ffff]
[    0.000000] Scanning 1 areas for low memory corruption
[    0.000000] RAMDISK: [mem 0x1dc1f000-0x1eee0fff]
[    0.000000] ACPI: Early table checksum verification disabled
[    0.000000] ACPI: RSDP 0x00000000000E0000 000024 (v02 VBOX  )
[    0.000000] ACPI: XSDT 0x000000001FFF0030 00003C (v01 VBOX   VBOXXSDT 00000001 ASL  00000061)
[    0.000000] ACPI: FACP 0x000000001FFF00F0 0000F4 (v04 VBOX   VBOXFACP 00000001 ASL  00000061)
[    0.000000] ACPI: DSDT 0x000000001FFF0470 002325 (v02 VBOX   VBOXBIOS 00000002 INTL 20100528)
[    0.000000] ACPI: FACS 0x000000001FFF0200 000040
[    0.000000] ACPI: FACS 0x000000001FFF0200 000040
[    0.000000] ACPI: APIC 0x000000001FFF0240 000054 (v02 VBOX   VBOXAPIC 00000001 ASL  00000061)
[    0.000000] ACPI: SSDT 0x000000001FFF02A0 0001CC (v01 VBOX   VBOXCPUT 00000002 INTL 20100528)
[    0.000000] No NUMA configuration found
[    0.000000] Faking a node at [mem 0x0000000000000000-0x000000001ffeffff]
[    0.000000] NODE_DATA(0) allocated [mem 0x1ffc5000-0x1ffeffff]
[    0.000000] kvm-clock: cpu 0, msr 0:1ff44001, primary cpu clock
[    0.000000] kvm-clock: Using msrs 4b564d01 and 4b564d00
[    0.000000] kvm-clock: using sched offset of 4124916977 cycles
[    0.000000] clocksource: kvm-clock: mask: 0xffffffffffffffff max_cycles: 0x1cd42e4dffb, max_idle_ns: 881590591483 ns
[    0.000000] Zone ranges:
[    0.000000]   DMA      [mem 0x0000000000001000-0x0000000000ffffff]
[    0.000000]   DMA32    [mem 0x0000000001000000-0x000000001ffeffff]
[    0.000000]   Normal   empty
[    0.000000]   Device   empty
[    0.000000] Movable zone start for each node
[    0.000000] Early memory node ranges
[    0.000000]   node   0: [mem 0x0000000000001000-0x000000000009efff]
[    0.000000]   node   0: [mem 0x0000000000100000-0x000000001ffeffff]
[    0.000000] Reserved but unavailable: 98 pages
[    0.000000] Initmem setup node 0 [mem 0x0000000000001000-0x000000001ffeffff]
[    0.000000] ACPI: PM-Timer IO Port: 0x4008
[    0.000000] IOAPIC[0]: apic_id 1, version 32, address 0xfec00000, GSI 0-23
[    0.000000] ACPI: INT_SRC_OVR (bus 0 bus_irq 0 global_irq 2 dfl dfl)
[    0.000000] ACPI: INT_SRC_OVR (bus 0 bus_irq 9 global_irq 9 low level)
[    0.000000] Using ACPI (MADT) for SMP configuration information
[    0.000000] smpboot: Allowing 1 CPUs, 0 hotplug CPUs
[    0.000000] PM: Registered nosave memory: [mem 0x00000000-0x00000fff]
[    0.000000] PM: Registered nosave memory: [mem 0x0009f000-0x0009ffff]
[    0.000000] PM: Registered nosave memory: [mem 0x000a0000-0x000effff]
[    0.000000] PM: Registered nosave memory: [mem 0x000f0000-0x000fffff]
[    0.000000] e820: [mem 0x20000000-0xfebfffff] available for PCI devices
[    0.000000] Booting paravirtualized kernel on KVM
[    0.000000] clocksource: refined-jiffies: mask: 0xffffffff max_cycles: 0xffffffff, max_idle_ns: 7645519600211568 ns
[    0.000000] random: get_random_bytes called from start_kernel+0x99/0x4fd with crng_init=0
[    0.000000] setup_percpu: NR_CPUS:8192 nr_cpumask_bits:1 nr_cpu_ids:1 nr_node_ids:1
[    0.000000] percpu: Embedded 45 pages/cpu s147456 r8192 d28672 u2097152
[    0.000000] PV qspinlock hash table entries: 256 (order: 0, 4096 bytes)
[    0.000000] Built 1 zonelists, mobility grouping on.  Total pages: 128889
[    0.000000] Policy zone: DMA32
[    0.000000] Kernel command line: BOOT_IMAGE=/boot/vmlinuz-4.15.0-101-generic root=LABEL=cloudimg-rootfs ro console=tty1 console=ttyS0
[    0.000000] Memory: 467144K/523832K available (12300K kernel code, 2481K rwdata, 4268K rodata, 2432K init, 2712K bss, 56688K reserved, 0K cma-reserved)
[    0.000000] SLUB: HWalign=64, Order=0-3, MinObjects=0, CPUs=1, Nodes=1
[    0.000000] Kernel/User page tables isolation: enabled
[    0.000000] ftrace: allocating 39364 entries in 154 pages
[    0.004000] Hierarchical RCU implementation.
[    0.004000] 	RCU restricting CPUs from NR_CPUS=8192 to nr_cpu_ids=1.
[    0.004000] 	Tasks RCU enabled.
[    0.004000] RCU: Adjusting geometry for rcu_fanout_leaf=16, nr_cpu_ids=1
[    0.004000] NR_IRQS: 524544, nr_irqs: 256, preallocated irqs: 16
[    0.004000] Console: colour VGA+ 80x25
[    0.004000] console [tty1] enabled
[    0.004000] console [ttyS0] enabled
[    0.004000] ACPI: Core revision 20170831
[    0.004000] ACPI: 2 ACPI AML tables successfully acquired and loaded
[    0.004000] APIC: Switch to symmetric I/O mode setup
[    0.004000] x2apic enabled
[    0.004000] Switched APIC routing to physical x2apic.
[    0.004000] ..TIMER: vector=0x30 apic1=0 pin1=2 apic2=-1 pin2=-1
[    0.004006] tsc: Detected 1800.002 MHz processor
[    0.004957] Calibrating delay loop (skipped) preset value.. 3600.00 BogoMIPS (lpj=7200008)
[    0.008004] pid_max: default: 32768 minimum: 301
[    0.008939] Security Framework initialized
[    0.009702] Yama: becoming mindful.
[    0.010422] AppArmor: AppArmor initialized
[    0.012084] Dentry cache hash table entries: 65536 (order: 7, 524288 bytes)
[    0.013342] Inode-cache hash table entries: 32768 (order: 6, 262144 bytes)
[    0.014605] Mount-cache hash table entries: 1024 (order: 1, 8192 bytes)
[    0.016005] Mountpoint-cache hash table entries: 1024 (order: 1, 8192 bytes)
[    0.017576] process: using mwait in idle threads
[    0.018483] Last level iTLB entries: 4KB 64, 2MB 8, 4MB 8
[    0.019491] Last level dTLB entries: 4KB 64, 2MB 0, 4MB 0, 1GB 4
[    0.020009] Spectre V1 : Mitigation: usercopy/swapgs barriers and __user pointer sanitization
[    0.021990] Spectre V2 : Mitigation: Full generic retpoline
[    0.024003] Spectre V2 : Spectre v2 / SpectreRSB mitigation: Filling RSB on context switch
[    0.025665] Speculative Store Bypass: Vulnerable
[    0.026556] MDS: Mitigation: Clear CPU buffers
[    0.043872] Freeing SMP alternatives memory: 36K
[    0.155377] smpboot: CPU0: Intel(R) Core(TM) i5-8250U CPU @ 1.60GHz (family: 0x6, model: 0x8e, stepping: 0xa)
[    0.156000] Performance Events: unsupported p6 CPU model 142 no PMU driver, software events only.
[    0.156000] Hierarchical SRCU implementation.
[    0.156662] NMI watchdog: Perf event create on CPU 0 failed with -2
[    0.158068] NMI watchdog: Perf NMI watchdog permanently disabled
[    0.159333] smp: Bringing up secondary CPUs ...
[    0.160004] smp: Brought up 1 node, 1 CPU
[    0.160992] smpboot: Max logical packages: 1
[    0.161886] smpboot: Total of 1 processors activated (3600.00 BogoMIPS)
[    0.164172] devtmpfs: initialized
[    0.164914] x86/mm: Memory block size: 128MB
[    0.166638] evm: security.selinux
[    0.168008] evm: security.SMACK64
[    0.168791] evm: security.SMACK64EXEC
[    0.169902] evm: security.SMACK64TRANSMUTE
[    0.172008] evm: security.SMACK64MMAP
[    0.173042] evm: security.apparmor
[    0.173693] evm: security.ima
[    0.174241] evm: security.capability
[    0.175030] clocksource: jiffies: mask: 0xffffffff max_cycles: 0xffffffff, max_idle_ns: 7645041785100000 ns
[    0.176011] futex hash table entries: 256 (order: 2, 16384 bytes)
[    0.177092] pinctrl core: initialized pinctrl subsystem
[    0.178153] RTC time: 11:37:45, date: 05/27/20
[    0.180083] NET: Registered protocol family 16
[    0.180970] audit: initializing netlink subsys (disabled)
[    0.182084] cpuidle: using governor ladder
[    0.182852] cpuidle: using governor menu
[    0.183723] ACPI: bus type PCI registered
[    0.184006] acpiphp: ACPI Hot Plug PCI Controller Driver version: 0.5
[    0.185412] PCI: Using configuration type 1 for base access
[    0.186428] audit: type=2000 audit(1590579471.355:1): state=initialized audit_enabled=0 res=1
[    0.189153] HugeTLB registered 2.00 MiB page size, pre-allocated 0 pages
[    0.191076] ACPI: Added _OSI(Module Device)
[    0.192010] ACPI: Added _OSI(Processor Device)
[    0.193004] ACPI: Added _OSI(3.0 _SCP Extensions)
[    0.194102] ACPI: Added _OSI(Processor Aggregator Device)
[    0.196027] ACPI: Added _OSI(Linux-Dell-Video)
[    0.196923] ACPI: Added _OSI(Linux-Lenovo-NV-HDMI-Audio)
[    0.198230] ACPI: Added _OSI(Linux-HPI-Hybrid-Graphics)
[    0.200647] ACPI: Executed 1 blocks of module-level executable AML code
[    0.207752] ACPI: Interpreter enabled
[    0.208018] ACPI: (supports S0 S5)
[    0.208734] ACPI: Using IOAPIC for interrupt routing
[    0.209945] PCI: Using host bridge windows from ACPI; if necessary, use "pci=nocrs" and report a bug
[    0.212213] ACPI: Enabled 2 GPEs in block 00 to 07
[    0.224903] ACPI: PCI Root Bridge [PCI0] (domain 0000 [bus 00-ff])
[    0.226080] acpi PNP0A03:00: _OSC: OS supports [ASPM ClockPM Segments MSI]
[    0.228000] acpi PNP0A03:00: _OSC: not requesting OS control; OS requires [ExtendedConfig ASPM ClockPM MSI]
[    0.228016] acpi PNP0A03:00: fail to add MMCONFIG information, can't access extended PCI configuration space under this bridge.
[    0.232435] PCI host bridge to bus 0000:00
[    0.233369] pci_bus 0000:00: root bus resource [io  0x0000-0x0cf7 window]
[    0.236010] pci_bus 0000:00: root bus resource [io  0x0d00-0xffff window]
[    0.237577] pci_bus 0000:00: root bus resource [mem 0x000a0000-0x000bffff window]
[    0.238974] pci_bus 0000:00: root bus resource [mem 0x20000000-0xfdffffff window]
[    0.240006] pci_bus 0000:00: root bus resource [bus 00-ff]
[    0.244524] pci 0000:00:01.1: legacy IDE quirk: reg 0x10: [io  0x01f0-0x01f7]
[    0.245803] pci 0000:00:01.1: legacy IDE quirk: reg 0x14: [io  0x03f6]
[    0.247076] pci 0000:00:01.1: legacy IDE quirk: reg 0x18: [io  0x0170-0x0177]
[    0.248007] pci 0000:00:01.1: legacy IDE quirk: reg 0x1c: [io  0x0376]
[    0.260394] pci 0000:00:07.0: quirk: [io  0x4000-0x403f] claimed by PIIX4 ACPI
[    0.262093] pci 0000:00:07.0: quirk: [io  0x4100-0x410f] claimed by PIIX4 SMB
[    0.270517] ACPI: PCI Interrupt Link [LNKA] (IRQs 5 9 10 *11)
[    0.272188] ACPI: PCI Interrupt Link [LNKB] (IRQs 5 9 *10 11)
[    0.273371] ACPI: PCI Interrupt Link [LNKC] (IRQs 5 *9 10 11)
[    0.274665] ACPI: PCI Interrupt Link [LNKD] (IRQs 5 9 10 *11)
[    0.276000] SCSI subsystem initialized
[    0.276144] pci 0000:00:02.0: vgaarb: setting as boot VGA device
[    0.277305] pci 0000:00:02.0: vgaarb: VGA device added: decodes=io+mem,owns=io+mem,locks=none
[    0.278969] pci 0000:00:02.0: vgaarb: bridge control possible
[    0.280003] vgaarb: loaded
[    0.280579] ACPI: bus type USB registered
[    0.281529] usbcore: registered new interface driver usbfs
[    0.282731] usbcore: registered new interface driver hub
[    0.284102] usbcore: registered new device driver usb
[    0.285706] EDAC MC: Ver: 3.0.0
[    0.288247] PCI: Using ACPI for IRQ routing
[    0.289537] NetLabel: Initializing
[    0.290243] NetLabel:  domain hash size = 128
[    0.291135] NetLabel:  protocols = UNLABELED CIPSOv4 CALIPSO
[    0.292029] NetLabel:  unlabeled traffic allowed by default
[    0.293197] clocksource: Switched to clocksource kvm-clock
[    0.311352] VFS: Disk quotas dquot_6.6.0
[    0.312224] VFS: Dquot-cache hash table entries: 512 (order 0, 4096 bytes)
[    0.313519] AppArmor: AppArmor Filesystem Enabled
[    0.314428] pnp: PnP ACPI init
[    0.316455] pnp: PnP ACPI: found 3 devices
[    0.323095] clocksource: acpi_pm: mask: 0xffffff max_cycles: 0xffffff, max_idle_ns: 2085701024 ns
[    0.324691] NET: Registered protocol family 2
[    0.325625] TCP established hash table entries: 4096 (order: 3, 32768 bytes)
[    0.326808] TCP bind hash table entries: 4096 (order: 4, 65536 bytes)
[    0.327931] TCP: Hash tables configured (established 4096 bind 4096)
[    0.329108] UDP hash table entries: 256 (order: 1, 8192 bytes)
[    0.330106] UDP-Lite hash table entries: 256 (order: 1, 8192 bytes)
[    0.331318] NET: Registered protocol family 1
[    0.332109] pci 0000:00:00.0: Limiting direct PCI/PCI transfers
[    0.333267] pci 0000:00:01.0: Activating ISA DMA hang workarounds
[    0.334833] pci 0000:00:02.0: Video device with shadowed ROM at [mem 0x000c0000-0x000dffff]
[    0.336929] Unpacking initramfs...
[    0.659903] Freeing initrd memory: 19208K
[    0.661134] clocksource: tsc: mask: 0xffffffffffffffff max_cycles: 0x19f22b76be8, max_idle_ns: 440795216487 ns
[    0.663039] platform rtc_cmos: registered platform RTC device (no PNP device found)
[    0.664786] Scanning for low memory corruption every 60 seconds
[    0.666395] Initialise system trusted keyrings
[    0.667435] Key type blacklist registered
[    0.668542] workingset: timestamp_bits=36 max_order=17 bucket_order=0
[    0.670946] zbud: loaded
[    0.671952] squashfs: version 4.0 (2009/01/31) Phillip Lougher
[    0.673181] fuse init (API version 7.26)
[    0.674607] Key type asymmetric registered
[    0.675469] Asymmetric key parser 'x509' registered
[    0.676538] Block layer SCSI generic (bsg) driver version 0.4 loaded (major 246)
[    0.677998] io scheduler noop registered
[    0.678783] io scheduler deadline registered
[    0.679644] io scheduler cfq registered (default)
[    0.681233] ACPI: AC Adapter [AC] (on-line)
[    0.682144] input: Power Button as /devices/LNXSYSTM:00/LNXPWRBN:00/input/input0
[    0.684417] ACPI: Power Button [PWRF]
[    0.685549] input: Sleep Button as /devices/LNXSYSTM:00/LNXSLPBN:00/input/input1
[    0.687163] ACPI: Sleep Button [SLPF]
[    0.689376] ACPI: Battery Slot [BAT0] (battery present)
[    0.690805] Serial: 8250/16550 driver, 32 ports, IRQ sharing enabled
[    0.713477] 00:02: ttyS0 at I/O 0x3f8 (irq = 4, base_baud = 115200) is a 16550A
[    0.719155] Linux agpgart interface v0.103
[    0.720981] loop: module loaded
[    0.722128] scsi host0: ata_piix
[    0.722849] scsi host1: ata_piix
[    0.723592] ata1: PATA max UDMA/33 cmd 0x1f0 ctl 0x3f6 bmdma 0xd000 irq 14
[    0.724889] ata2: PATA max UDMA/33 cmd 0x170 ctl 0x376 bmdma 0xd008 irq 15
[    0.726586] libphy: Fixed MDIO Bus: probed
[    0.727441] tun: Universal TUN/TAP device driver, 1.6
[    0.728409] PPP generic driver version 2.4.2
[    0.729273] ehci_hcd: USB 2.0 'Enhanced' Host Controller (EHCI) Driver
[    0.730442] ehci-pci: EHCI PCI platform driver
[    0.731413] ehci-platform: EHCI generic platform driver
[    0.732504] ohci_hcd: USB 1.1 'Open' Host Controller (OHCI) Driver
[    0.733949] ohci-pci: OHCI PCI platform driver
[    0.735150] ohci-platform: OHCI generic platform driver
[    0.736252] uhci_hcd: USB Universal Host Controller Interface driver
[    0.737562] i8042: PNP: PS/2 Controller [PNP0303:PS2K,PNP0f03:PS2M] at 0x60,0x64 irq 1,12
[    0.739646] serio: i8042 KBD port at 0x60,0x64 irq 1
[    0.740744] serio: i8042 AUX port at 0x60,0x64 irq 12
[    0.741914] mousedev: PS/2 mouse device common for all mice
[    0.743229] input: AT Translated Set 2 keyboard as /devices/platform/i8042/serio0/input/input2
[    0.745222] rtc_cmos rtc_cmos: rtc core: registered rtc_cmos as rtc0
[    0.746540] rtc_cmos rtc_cmos: alarms up to one day, 114 bytes nvram
[    0.747738] i2c /dev entries driver
[    0.748567] device-mapper: uevent: version 1.0.3
[    0.749605] device-mapper: ioctl: 4.37.0-ioctl (2017-09-20) initialised: dm-devel@redhat.com
[    0.752751] ledtrig-cpu: registered to indicate activity on CPUs
[    0.754452] intel_pmc_core:  initialized
[    0.755624] NET: Registered protocol family 10
[    0.759350] Segment Routing with IPv6
[    0.760103] NET: Registered protocol family 17
[    0.761288] Key type dns_resolver registered
[    0.762244] mce: Using 0 MCE banks
[    0.762933] RAS: Correctable Errors collector initialized.
[    0.764002] sched_clock: Marking stable (761223231, 0)->(935674160, -174450929)
[    0.765572] registered taskstats version 1
[    0.766915] Loading compiled-in X.509 certificates
[    0.770504] Loaded X.509 cert 'Build time autogenerated kernel key: 81757e40860ca54b8a45e323b66799c03c91a344'
[    0.772492] zswap: loaded using pool lzo/zbud
[    0.775953] Key type big_key registered
[    0.776761] Key type trusted registered
[    0.778853] Key type encrypted registered
[    0.779646] AppArmor: AppArmor sha1 policy hashing enabled
[    0.781030] ima: No TPM chip found, activating TPM-bypass! (rc=-19)
[    0.782315] ima: Allocated hash algorithm: sha1
[    0.783741] evm: HMAC attrs: 0x1
[    0.784837]   Magic number: 4:769:631
[    0.785754] rtc_cmos rtc_cmos: setting system clock to 2020-05-27 11:37:46 UTC (1590579466)
[    0.787324] BIOS EDD facility v0.16 2004-Jun-25, 0 devices found
[    0.788520] EDD information not available.
[    0.910436] Freeing unused kernel image memory: 2432K
[    0.920319] Write protecting the kernel read-only data: 20480k
[    0.922366] Freeing unused kernel image memory: 2008K
[    0.923705] Freeing unused kernel image memory: 1876K
[    0.932345] x86/mm: Checked W+X mappings: passed, no W+X pages found.
[    0.933782] x86/mm: Checking user space page tables
[    0.943079] x86/mm: Checked W+X mappings: passed, no W+X pages found.
Loading, please wait...
starting version 237
[    1.063370] e1000: Intel(R) PRO/1000 Network Driver - version 7.3.21-k8-NAPI
[    1.064727] e1000: Copyright (c) 1999-2006 Intel Corporation.
[    1.070808] Fusion MPT base driver 3.04.20
[    1.071655] Copyright (c) 1999-2008 LSI Corporation
[    1.085842] Fusion MPT SPI Host driver 3.04.20
[    1.110144] AVX2 version of gcm_enc/dec engaged.
[    1.111207] AES CTR mode by8 optimization enabled
[    1.283598] input: ImExPS/2 Generic Explorer Mouse as /devices/platform/i8042/serio1/input/input4
[    1.505338] e1000 0000:00:03.0 eth0: (PCI:33MHz:32-bit) 02:b8:b0:53:1b:74
[    1.506632] e1000 0000:00:03.0 eth0: Intel(R) PRO/1000 Network Connection
[    1.508778] mptbase: ioc0: Initiating bringup
[    1.605094] ioc0: LSI53C1030 A0: Capabilities={Initiator}
[    1.847552] scsi host2: ioc0: LSI53C1030 A0, FwRev=00000000h, Ports=1, MaxQ=256, IRQ=20
[    2.016480] scsi 2:0:0:0: Direct-Access     VBOX     HARDDISK         1.0  PQ: 0 ANSI: 5
[    2.018752] scsi target2:0:0: Beginning Domain Validation
[    2.024458] scsi target2:0:0: Domain Validation skipping write tests
[    2.025662] scsi target2:0:0: Ending Domain Validation
[    2.026687] scsi target2:0:0: asynchronous
[    2.027841] random: fast init done
[    2.029029] scsi 2:0:1:0: Direct-Access     VBOX     HARDDISK         1.0  PQ: 0 ANSI: 5
[    2.030539] scsi target2:0:1: Beginning Domain Validation
[    2.033390] scsi target2:0:1: Domain Validation skipping write tests
[    2.034689] scsi target2:0:1: Ending Domain Validation
[    2.035634] scsi target2:0:1: asynchronous
[    2.041464] random: systemd-udevd: uninitialized urandom read (16 bytes read)
[    2.042840] random: systemd-udevd: uninitialized urandom read (16 bytes read)
[    2.044250] random: systemd-udevd: uninitialized urandom read (16 bytes read)
[    2.045871] sd 2:0:0:0: Attached scsi generic sg0 type 0
[    2.047083] sd 2:0:0:0: [sda] 20971520 512-byte logical blocks: (10.7 GB/10.0 GiB)
[    2.048840] sd 2:0:0:0: [sda] Write Protect is off
[    2.050012] sd 2:0:0:0: [sda] Incomplete mode parameter data
[    2.051410] sd 2:0:0:0: [sda] Assuming drive cache: write through
[    2.053097] sd 2:0:1:0: [sdb] 20480 512-byte logical blocks: (10.5 MB/10.0 MiB)
[    2.054787] sd 2:0:1:0: [sdb] Write Protect is off
[    2.055818] sd 2:0:1:0: Attached scsi generic sg1 type 0
[    2.061134] sd 2:0:1:0: [sdb] Incomplete mode parameter data
[    2.062190] sd 2:0:1:0: [sdb] Assuming drive cache: write through
[    2.065024]  sda: sda1
[    2.071415] sd 2:0:0:0: [sda] Attached SCSI disk
[    2.081833] sd 2:0:1:0: [sdb] Attached SCSI disk
[    2.449505] e1000 0000:00:08.0 eth1: (PCI:33MHz:32-bit) 08:00:27:cc:50:83
[    2.451017] e1000 0000:00:08.0 eth1: Intel(R) PRO/1000 Network Connection
[    2.454532] e1000 0000:00:08.0 enp0s8: renamed from eth1
[    2.457731] e1000 0000:00:03.0 enp0s3: renamed from eth0
Begin: Loading essential drivers ... [    3.964326] raid6: sse2x1   gen() 10476 MB/s
[    4.012111] raid6: sse2x1   xor()  7880 MB/s
[    4.060382] raid6: sse2x2   gen() 12562 MB/s
[    4.108249] raid6: sse2x2   xor()  9007 MB/s
[    4.156417] raid6: sse2x4   gen() 15336 MB/s
[    4.204201] raid6: sse2x4   xor()  9611 MB/s
[    4.252274] raid6: avx2x1   gen() 21355 MB/s
[    4.300075] raid6: avx2x1   xor() 15035 MB/s
[    4.348106] raid6: avx2x2   gen() 25395 MB/s
[    4.396190] raid6: avx2x2   xor() 16169 MB/s
[    4.444106] raid6: avx2x4   gen() 29295 MB/s
[    4.492084] raid6: avx2x4   xor() 16801 MB/s
[    4.493074] raid6: using algorithm avx2x4 gen() 29295 MB/s
[    4.494109] raid6: .... xor() 16801 MB/s, rmw enabled
[    4.495092] raid6: using avx2x2 recovery algorithm
[    4.497713] xor: automatically using best checksumming function   avx       
[    4.500388] async_tx: api initialized (async)
done.
Begin: Running /scripts/init-premount ... done.
Begin: Mounting root file system ... Begin: Running /scripts/local-top ... done.
Begin: Running /scripts/local-premount ... [    4.560342] Btrfs loaded, crc32c=crc32c-intel
Scanning for Btrfs filesystems
done.
Warning: fsck not present, so skipping root file system
[    4.649645] EXT4-fs (sda1): mounted filesystem with ordered data mode. Opts: (null)
done.
Begin: Running /scripts/local-bottom ... done.
Begin: Running /scripts/init-bottom ... done.
[    5.476995] ip_tables: (C) 2000-2006 Netfilter Core Team
[    5.685217] systemd[1]: systemd 237 running in system mode. (+PAM +AUDIT +SELINUX +IMA +APPARMOR +SMACK +SYSVINIT +UTMP +LIBCRYPTSETUP +GCRYPT +GNUTLS +ACL +XZ +LZ4 +SECCOMP +BLKID +ELFUTILS +KMOD -IDN2 +IDN -PCRE2 default-hierarchy=hybrid)
[    5.690582] systemd[1]: Detected virtualization oracle.
[    5.692237] systemd[1]: Detected architecture x86-64.

Welcome to [1mUbuntu 18.04.4 LTS[0m!

[    5.776847] systemd[1]: Set hostname to <ubuntu>.
[    5.942007] systemd[1]: Initializing machine ID from random generator.
[    5.943524] systemd[1]: Installed transient /etc/machine-id file.
[    6.428902] random: crng init done
[    6.429906] random: 7 urandom warning(s) missed due to ratelimiting
[    6.853412] systemd[1]: Created slice System Slice.
[[0;32m  OK  [0m] Created slice System Slice.
[    6.855036] systemd[1]: Listening on LVM2 metadata daemon socket.
[[0;32m  OK  [0m] Listening on LVM2 metadata daemon socket.
[    6.868693] systemd[1]: Listening on udev Kernel Socket.
[[0;32m  OK  [0m] Listening on udev Kernel Socket.
[    6.870364] systemd[1]: Listening on Network Service Netlink Socket.
[[0;32m  OK  [0m] Listening on Network Service Netlink Socket.
[[0;32m  OK  [0m] Listening on LVM2 poll daemon socket.
[[0;32m  OK  [0m] Set up automount Arbitrary Executab…rmats File System Automount Point.
[[0;32m  OK  [0m] Reached target System Time Synchronized.
[[0;32m  OK  [0m] Listening on Journal Socket (/dev/log).
[[0;32m  OK  [0m] Reached target User and Group Name Lookups.
[[0;32m  OK  [0m] Listening on udev Control Socket.
[[0;32m  OK  [0m] Reached target Swap.
[[0;32m  OK  [0m] Listening on /dev/initctl Compatibility Named Pipe.
[[0;32m  OK  [0m] Created slice User and Session Slice.
[[0;32m  OK  [0m] Reached target Slices.
[[0;32m  OK  [0m] Started Forward Password Requests to Wall Directory Watch.
[[0;32m  OK  [0m] Listening on Syslog Socket.
[[0;32m  OK  [0m] Listening on Journal Socket.
         Starting Create list of required st…ce nodes for the current kernel...
         Starting Uncomplicated firewall...
         Mounting Huge Pages File System...
         Mounting POSIX Message Queue File System...
         Starting Remount Root and Kernel File Systems...
         Starting Set the console keyboard layout...
         Starting Load Kernel Modules...
[    6.985078] EXT4-fs (sda1): re-mounted. Opts: (null)
         Mounting Kernel Debug File System...
         Starting udev Coldplug all Devices...
[[0;32m  OK  [0m] Listening on Device-mapper event daemon FIFOs.
         Starting Monitoring of LVM2 mirrors…ng dmeventd or progress polling...
[[0;32m  OK  [0m] Created slice system-serial\x2dgetty.slice.
[[0;32m  OK  [0m] Listening on Journal Audit Socket.
         Starting Journal Service...
[[0;32m  OK  [0m] Started Create list of required sta…vice nodes for the current kernel.
[[0;32m  OK  [0m] Started Uncomplicated firewall.
[[0;32m  OK  [0m] Mounted Huge Pages File System.
[[0;32m  OK  [0m] Mounted POSIX Message Queue File System.
[    7.064876] Loading iSCSI transport class v2.0-870.
[[0;32m  OK  [0m] Started Remount Root and Kernel File Systems.
[[0;32m  OK  [0m] Mounted Kernel Debug File System.
         Starting Load/Save Random Seed...
[    7.226751] iscsi: registered transport (tcp)
[    7.261290] iscsi: registered transport (iser)
         Starting Create Static Device Nodes in /dev...
[[0;32m  OK  [0m] Started Load Kernel Modules.
         Mounting FUSE Control File System...
         Starting Apply Kernel Variables...
         Mounting Kernel Configuration File System...
[[0;32m  OK  [0m] Started Journal Service.
[[0;32m  OK  [0m] Started Load/Save Random Seed.
[[0;32m  OK  [0m] Mounted FUSE Control File System.
[[0;32m  OK  [0m] Mounted Kernel Configuration File System.
         Starting Flush Journal to Persistent Storage...
[[0;32m  OK  [0m] Started udev Coldplug all Devices.
[[0;32m  OK  [0m] Started Create Static Device Nodes in /dev.
         Starting udev Kernel Device Manager...
[[0;32m  OK  [0m] Started LVM2 metadata daemon.
[[0;32m  OK  [0m] Started Apply Kernel Variables.
[[0;32m  OK  [0m] Started Set the console keyboard layout.
[[0;32m  OK  [0m] Started Flush Journal to Persistent Storage.
[[0;32m  OK  [0m] Started udev Kernel Device Manager.
[[0;32m  OK  [0m] Started Dispatch Password Requests to Console Directory Watch.
[[0;32m  OK  [0m] Reached target Local Encrypted Volumes.
[[0;32m  OK  [0m] Started Monitoring of LVM2 mirrors,…sing dmeventd or progress polling.
[[0;32m  OK  [0m] Reached target Local File Systems (Pre).
[[0;32m  OK  [0m] Reached target Local File Systems.
         Starting AppArmor initialization...
         Starting Tell Plymouth To Write Out Runtime Data...
         Starting Set console font and keymap...
         Starting ebtables ruleset management...
         Starting Create Volatile Files and Directories...
         Starting Commit a transient machine-id on disk...
[[0;32m  OK  [0m] Started Tell Plymouth To Write Out Runtime Data.
[[0;32m  OK  [0m] Started Set console font and keymap.
[[0;32m  OK  [0m] Started Commit a transient machine-id on disk.
[[0;32m  OK  [0m] Started Create Volatile Files and Directories.
         Starting Update UTMP about System Boot/Shutdown...
[[0;32m  OK  [0m] Started Update UTMP about System Boot/Shutdown.
[[0;32m  OK  [0m] Started ebtables ruleset management.
[[0;32m  OK  [0m] Found device /dev/ttyS0.
[[0;32m  OK  [0m] Listening on Load/Save RF Kill Switch Status /dev/rfkill Watch.
[[0;32m  OK  [0m] Started AppArmor initialization.
         Starting Initial cloud-init job (pre-networking)...
[   16.296781] cloud-init[545]: Cloud-init v. 19.4-33-gbb4131a2-0ubuntu1~18.04.1 running 'init-local' at Wed, 27 May 2020 11:38:00 +0000. Up 15.10 seconds.
[[0;32m  OK  [0m] Started Initial cloud-init job (pre-networking).
[[0;32m  OK  [0m] Reached target Network (Pre).
         Starting Network Service...
[[0;32m  OK  [0m] Started Network Service.
         Starting Network Name Resolution...
         Starting Wait for Network to be Configured...
[[0;32m  OK  [0m] Started Network Name Resolution.
[[0;32m  OK  [0m] Reached target Network.
[[0;32m  OK  [0m] Reached target Host and Network Name Lookups.
[[0;32m  OK  [0m] Started Wait for Network to be Configured.
         Starting Initial cloud-init job (metadata service crawler)...
[   19.337798] cloud-init[663]: Cloud-init v. 19.4-33-gbb4131a2-0ubuntu1~18.04.1 running 'init' at Wed, 27 May 2020 11:38:04 +0000. Up 18.96 seconds.
[   19.348306] cloud-init[663]: ci-info: ++++++++++++++++++++++++++++++++++++++Net device info+++++++++++++++++++++++++++++++++++++++
[   19.349412] cloud-init[663]: ci-info: +--------+-------+----------------------------+---------------+--------+-------------------+
[   19.360337] cloud-init[663]: ci-info: | Device |   Up  |          Address           |      Mask     | Scope  |     Hw-Address    |
[   19.376745] cloud-init[663]: ci-info: +--------+-------+----------------------------+---------------+--------+-------------------+
[   19.378831] cloud-init[663]: ci-info: | enp0s3 |  True |         10.0.2.15          | 255.255.255.0 | global | 02:b8:b0:53:1b:74 |
[   19.380625] cloud-init[663]: ci-info: | enp0s3 |  True | fe80::b8:b0ff:fe53:1b74/64 |       .       |  link  | 02:b8:b0:53:1b:74 |
[   19.383390] cloud-init[663]: ci-info: | enp0s8 | False |             .              |       .       |   .    | 08:00:27:cc:50:83 |
[   19.388349] cloud-init[663]: ci-info: |   lo   |  True |         127.0.0.1          |   255.0.0.0   |  host  |         .         |
[   19.401238] cloud-init[663]: ci-info: |   lo   |  True |          ::1/128           |       .       |  host  |         .         |
[   19.402416] cloud-init[663]: ci-info: +--------+-------+----------------------------+---------------+--------+-------------------+
[   19.414371] cloud-init[663]: ci-info: ++++++++++++++++++++++++++++Route IPv4 info+++++++++++++++++++++++++++++
[   19.418159] cloud-init[663]: ci-info: +-------+-------------+----------+-----------------+-----------+-------+
[   19.432653] cloud-init[663]: ci-info: | Route | Destination | Gateway  |     Genmask     | Interface | Flags |
[   19.444249] cloud-init[663]: ci-info: +-------+-------------+----------+-----------------+-----------+-------+
[   19.445103] cloud-init[663]: ci-info: |   0   |   0.0.0.0   | 10.0.2.2 |     0.0.0.0     |   enp0s3  |   UG  |
[   19.446344] cloud-init[663]: ci-info: |   1   |   10.0.2.0  | 0.0.0.0  |  255.255.255.0  |   enp0s3  |   U   |
[   19.447736] cloud-init[663]: ci-info: |   2   |   10.0.2.2  | 0.0.0.0  | 255.255.255.255 |   enp0s3  |   UH  |
[   19.451642] cloud-init[663]: ci-info: +-------+-------------+----------+-----------------+-----------+-------+
[   19.455784] cloud-init[663]: ci-info: +++++++++++++++++++Route IPv6 info+++++++++++++++++++
[   19.457727] cloud-init[663]: ci-info: +-------+-------------+---------+-----------+-------+
[   19.460226] cloud-init[663]: ci-info: | Route | Destination | Gateway | Interface | Flags |
[   19.463415] cloud-init[663]: ci-info: +-------+-------------+---------+-----------+-------+
[   19.466992] cloud-init[663]: ci-info: |   1   |  fe80::/64  |    ::   |   enp0s3  |   U   |
[   19.468320] cloud-init[663]: ci-info: |   3   |    local    |    ::   |   enp0s3  |   U   |
[   19.472281] cloud-init[663]: ci-info: |   4   |   ff00::/8  |    ::   |   enp0s3  |   U   |
[   19.476558] cloud-init[663]: ci-info: +-------+-------------+---------+-----------+-------+
[   21.326047] cloud-init[663]: Generating public/private rsa key pair.
[   21.336308] cloud-init[663]: Your identification has been saved in /etc/ssh/ssh_host_rsa_key.
[   21.348455] cloud-init[663]: Your public key has been saved in /etc/ssh/ssh_host_rsa_key.pub.
[   21.349633] cloud-init[663]: The key fingerprint is:
[   21.350297] cloud-init[663]: SHA256:vMI/zdB4D+3q5XDSHGNJP7xKmhJ7UKahujZ97KDAKPc root@ubuntu-bionic
[   21.351173] cloud-init[663]: The key's randomart image is:
[   21.352048] cloud-init[663]: +---[RSA 2048]----+
[   21.356461] cloud-init[663]: |                 |
[   21.357666] cloud-init[663]: |                 |
[   21.368453] cloud-init[663]: |            .    |
[   21.380583] cloud-init[663]: |       .. o. +   |
[   21.381323] cloud-init[663]: |       .SB .= +  |
[   21.392741] cloud-init[663]: | o   .. *.++.o o |
[   21.393901] cloud-init[663]: |o +  o+..Oo+* .  |
[[0;32m  OK  [0m] Started Initial cloud-init job (metadata service crawler).
[[0;32m  OK  [0m] Reached target System Initialization.
         Starting Socket activation for snappy daemon.
[[0;32m  OK  [0m] Listening on ACPID Listen Socket.
[[0;32m  OK  [0m] Listening on UUID daemon activation socket.
[[0;32m  OK  [0m] Started Daily Cleanup of Temporary Directories.
[[0;32m  OK  [0m] Started Message of the Day.
[[0;32m  OK  [0m] Started Discard unused blocks once a week.
[   21.407990] cloud-init[663]: |.. o+..+* +Xo.   |
[[0;32m  OK  [0m] Started ACPI Events Check.
[   21.440020] cloud-init[663]: |   .Eo oo==.o    |
[   21.452481] cloud-init[663]: +----[SHA256]-----+
         Starting LXD - unix socket.
[   21.468104] cloud-init[663]: Generating public/private dsa key pair.
[[0;32m  OK  [0m] Listening on Open-iSCSI iscsid Socket.
[   21.469805] cloud-init[663]: Your identification has been saved in /etc/ssh/ssh_host_dsa_key.
[[0;32m  OK  [0m] Reached target Paths.
[   21.471661] cloud-init[663]: [[0;32m  OK  [0m] Started Daily apt download activities.
[[0;32m  OK  [0m] Listening on D-Bus System Message Bus Socket.
[[0;32m  OK  [0m] Started Daily apt upgrade and clean activities.
[[0;32m  OK  [0m] Reached target Timers.
[[0;32m  OK  [0m] Reached target Cloud-config availability.Your public key has been saved in /etc/ssh/ssh_host_dsa_key.pub.
[   21.477459] cloud-init[663]: The key fingerprint is:
[   21.478649] cloud-init[663]: SHA256:LGZEcji9yq1b7146L9oVeYfOp8FDNov75XYMCLluIB0 root@ubuntu-bionic
[[0;32m  OK  [0m] Reached target Network is Online.
[[0;32m  OK  [0m] Reached target Remote File Systems (Pre).
[[0;32m  OK  [0m] Reached target Remote File Systems.

[   21.486621] cloud-init[663]: The key's randomart image is:
         Starting Availability of block devices...
[[0;32m  OK  [0m] Listening on Socket activation for snappy daemon.
[   21.491990] cloud-init[663]: +---[DSA 1024]----+
[[0;32m  OK  [0m] Listening on LXD - unix socket.
[[0;32m  OK  [0m] Reached target Sockets.
[[0;32m  OK  [0m] Reached target Basic System.
[   21.509291] cloud-init[663]: |    .oo          |
[[0;32m  OK  [0m] Started irqbalance daemon.
[   21.513548] cloud-init[663]: |    o+.          |
[   21.514162] cloud-init[663]: |     ...   .     |
         Starting LXD - container startup/shutdown...
[   21.527795] cloud-init[663]: |     ...E o. .   |
[   21.540184] cloud-init[663]: |   . o+.S.oo*..  |
[   21.540578] cloud-init[663]: |    ooo.o .X.+.  |
[   21.552211] cloud-init[663]: |     ... o+ B oo |
[   21.552722] cloud-init[663]: |    .. oo+o. B. o|
[   21.553698] cloud-init[663]: |    ...+*=o.o... |
[   21.555997] cloud-init[663]: +----[SHA256]-----+
[   21.557964] cloud-init[663]: Generating public/private ecdsa key pair.
[   21.560553] cloud-init[663]: Your identification has been saved in /etc/ssh/ssh_host_ecdsa_key.
[   21.563411] cloud-init[663]: Your public key has been saved in /etc/ssh/ssh_host_ecdsa_key.pub.
[   21.565930] cloud-init[663]: The key fingerprint is:
[   21.567513] cloud-init[663]: SHA256:OcTKsPZgisLeevfOyS+us3VzGguwxIDUhce89+An6ko root@ubuntu-bionic
[   21.569477] cloud-init[663]: The key's randomart image is:
[   21.572292] cloud-init[663]: +---[ECDSA 256]---+
[   21.584558] cloud-init[663]: | .. =.           |
[   21.585535] cloud-init[663]: |. .o + .         |
[   21.596662] cloud-init[663]: | . .o . o        |
[   21.597225] cloud-init[663]: |    o= = .       |
         Starting Dispatcher daemon for systemd-networkd...
[   21.613320] cloud-init[663]: |    =+= S        |
[[0;32m  OK  [0m] Started FUSE filesystem for LXC.
[   21.618466] cloud-init[663]: |.. +.ooo +       |
         Starting Virtualbox guest utils...
[   21.628420] cloud-init[663]: |o..E .ooo+ .     |
[   21.640532] cloud-init[663]: |o o. ++.+ *      |
[   21.652215] cloud-init[663]: | ooo++BBo+       |
[   21.652914] cloud-init[663]: +----[SHA256]-----+
[   21.653856] cloud-init[663]: Generating public/private ed25519 key pair.
[   21.658492] cloud-init[663]: Your identification has been saved in /etc/ssh/ssh_host_ed25519_key.
[   21.660493] cloud-init[663]: Your public key has been saved in /etc/ssh/ssh_host_ed25519_key.pub.
[   21.669113] cloud-init[663]: The key fingerprint is:
[   21.670921] cloud-init[663]: SHA256:7WoIrivfrvLXkpLFnwPBdJTbTgFnu89dNyfcj4Q1GBg root@ubuntu-bionic
[   21.673032] cloud-init[663]: The key's randomart image is:
[   21.673960] cloud-init[663]: +--[ED25519 256]--+
[   21.676186] cloud-init[663]: |     .ooo Eo.    |
[   21.680564] cloud-init[663]: |    . oo...  o   |
[   21.684191] cloud-init[663]: |   o . o..  . o  |
[   21.696304] cloud-init[663]: |    o . oo   + o |
[   21.697037] cloud-init[663]: |   . . oS . . =.+|
[   21.697675] cloud-init[663]: |    =   .+ . o ++|
[   21.709197] cloud-init[663]: |   + * o  + . . .|
[   21.721990] cloud-init[663]: |o o.= * ..       |
[   21.727214] cloud-init[663]: | =*Bo. o.        |
[   21.750397] cloud-init[663]: +----[SHA256]-----+
         Starting Pollinate to seed the pseudo random number generator...
         Starting System Logging Service...
         Starting LSB: Record successful boot for GRUB...
[[0;32m  OK  [0m] Started Regular background program processing daemon.
         Starting Login Service...
         Starting Permit User Sessions...
[[0;32m  OK  [0m] Started D-Bus System Message Bus.
[[0;32m  OK  [0m] Started Login Service.
[[0;32m  OK  [0m] Started Unattended Upgrades Shutdown.
         Starting Accounts Service...
[[0;32m  OK  [0m] Started Deferred execution scheduler.
         Starting LSB: automatic crash report generation...
         Starting Snappy daemon...
[[0;32m  OK  [0m] Started System Logging Service.
[[0;32m  OK  [0m] Started Availability of block devices.
[[0;32m  OK  [0m] Started Permit User Sessions.
         Starting Hold until boot process finishes up...
         Starting Terminate Plymouth Boot Screen...
[[0;32m  OK  [0m] Started Hold until boot process finishes up.
[[0;32m  OK  [0m] Started Serial Getty on ttyS0.
         Starting Set console scheme...
[[0;32m  OK  [0m] Started Terminate Plymouth Boot Screen.
[[0;32m  OK  [0m] Started Set console scheme.
[[0;32m  OK  [0m] Created slice system-getty.slice.
[[0;32m  OK  [0m] Started Getty on tty1.
[[0;32m  OK  [0m] Reached target Login Prompts.
[[0;32m  OK  [0m] Started LSB: automatic crash report generation.
[[0;32m  OK  [0m] Started LSB: Record successful boot for GRUB.
         Starting Authorization Manager...
[[0;32m  OK  [0m] Started Virtualbox guest utils.
[[0;32m  OK  [0m] Started Authorization Manager.
[[0;32m  OK  [0m] Started Accounts Service.
[[0;32m  OK  [0m] Started Dispatcher daemon for systemd-networkd.
[[0;32m  OK  [0m] Started LXD - container startup/shutdown.
[[0;32m  OK  [0m] Started Snappy daemon.
         Starting Wait until snapd is fully seeded...
[[0;32m  OK  [0m] Started Pollinate to seed the pseudo random number generator.
         Starting OpenBSD Secure Shell server...
[[0;32m  OK  [0m] Started OpenBSD Secure Shell server.
[[0;32m  OK  [0m] Created slice User Slice of vagrant.
         Starting User Manager for UID 1000...
[[0;32m  OK  [0m] Started Session 1 of user vagrant.
[[0;32m  OK  [0m] Started User Manager for UID 1000.

Ubuntu 18.04.4 LTS ubuntu-bionic ttyS0

ubuntu-bionic login: [   32.460748] cloud-init[1286]: Cloud-init v. 19.4-33-gbb4131a2-0ubuntu1~18.04.1 running 'modules:config' at Wed, 27 May 2020 11:38:15 +0000. Up 30.20 seconds.
ci-info: no authorized SSH keys fingerprints found for user ubuntu.
<14>May 27 11:38:19 ec2: 
<14>May 27 11:38:19 ec2: #############################################################
<14>May 27 11:38:19 ec2: -----BEGIN SSH HOST KEY FINGERPRINTS-----
<14>May 27 11:38:19 ec2: 1024 SHA256:LGZEcji9yq1b7146L9oVeYfOp8FDNov75XYMCLluIB0 root@ubuntu-bionic (DSA)
<14>May 27 11:38:19 ec2: 256 SHA256:OcTKsPZgisLeevfOyS+us3VzGguwxIDUhce89+An6ko root@ubuntu-bionic (ECDSA)
<14>May 27 11:38:19 ec2: 256 SHA256:7WoIrivfrvLXkpLFnwPBdJTbTgFnu89dNyfcj4Q1GBg root@ubuntu-bionic (ED25519)
<14>May 27 11:38:19 ec2: 2048 SHA256:vMI/zdB4D+3q5XDSHGNJP7xKmhJ7UKahujZ97KDAKPc root@ubuntu-bionic (RSA)
<14>May 27 11:38:19 ec2: -----END SSH HOST KEY FINGERPRINTS-----
<14>May 27 11:38:19 ec2: #############################################################
-----BEGIN SSH HOST KEY KEYS-----
ecdsa-sha2-nistp256 AAAAE2VjZHNhLXNoYTItbmlzdHAyNTYAAAAIbmlzdHAyNTYAAABBBCykdD2mdf1I+HYoTnT4bOQh+eEVbiXT479+FHhoFIOj+pm4tK35/afyG2Y8YBoaMsI5/vR0OgCXsU2BYoVKB10= root@ubuntu-bionic
ssh-ed25519 AAAAC3NzaC1lZDI1NTE5AAAAIEdX61CkFZLXDgdAaRHeV7f4KhjIIYkOMfJS0V24BvxB root@ubuntu-bionic
ssh-rsa AAAAB3NzaC1yc2EAAAADAQABAAABAQCq0aqcLWx1/2MpPj70KOHpP7bezvXdWxHcINM3oDiv0EnmMNSG5qKDuHLbr/0l/Xvf7a9pzH3mrQIBOzO2TdNR7EJGa3uNsEaKTim6E65pPJK5AMdv7q6Tj7Of+L/LwJahZguwZcw0DOVe+Pf7M5fVKGC6svp+al3lLhmHTOwe6YqvKXKKOQZerqCGQcl/bLGeR7DFKx4vmgMe31CMAsdk9cEzrMNc+q898g/Ay3RXCwW6PM2+PyB+pMQbKcRDOLJZpQahDKKzaeEIHjl9GUgnRgKmvzoxqybjysvMEhg7s4mYbygg6gvq/z7nGsR4DBwtk/BiArXtHD/5+KI//D7T root@ubuntu-bionic
-----END SSH HOST KEY KEYS-----
[   33.978649] cloud-init[1435]: Cloud-init v. 19.4-33-gbb4131a2-0ubuntu1~18.04.1 running 'modules:final' at Wed, 27 May 2020 11:38:19 +0000. Up 33.57 seconds.
[   33.979615] cloud-init[1435]: ci-info: no authorized SSH keys fingerprints found for user ubuntu.
[   33.979912] cloud-init[1435]: Cloud-init v. 19.4-33-gbb4131a2-0ubuntu1~18.04.1 finished at Wed, 27 May 2020 11:38:19 +0000. Datasource DataSourceNoCloud [seed=/dev/sdb][dsmode=net].  Up 33.96 seconds
[[0;32m[[0;32m  OK  [0m] Stopped Unattended Upgrades Shutdown.
         Stopping Authorization Manager...
[[0;[[0;32m  OK  [0m] Stopped Unattended Upgrades Shutdown.
[[0;[[0;32m  OK  [0m] Stopped target Timers.
[[0;32m  OK  [0m] Stopped Daily apt upgrade and clean activities.
[[0;32m  OK  [0m] Stopped Discard unused blocks once a week.
         Stopping Availability of block devices...
         Stopping Authorization Manager...
[[0;32m  OK  [0m] Stopped Message of the Day.
         Stopping Session 7 of user vagrant.
[[0;32m  OK  [0m] Stopped target Graphical Interface.
         Stopping Accounts Service...
[[0;32m  OK  [0m] Stopped target Host and Network Name Lookups.
         Stopping User Manager for UID 1000...
[[0;32m  OK  [0m] Stopped target Cloud-init target.
[[0;32m  OK  [0m] Stopped Execute cloud user/final scripts.
[[0;32m  OK  [0m] Stopped target Multi-User System.
         Stopping System Logging Service...
         Stopping LXD - container startup/shutdown...
         Stopping Deferred execution scheduler...
         Stopping D-Bus System Message Bus...
         Stopping OpenBSD Secure Shell server...
         Stopping LSB: automatic crash report generation...
         Stopping Dispatcher daemon for systemd-net         Stopping Serial Getty on ttyS0...
         Stopping irqbalance daemon...
[[0;32m  OK  [0m] Stopped Apply the settings specified in cloud-config.
[[0;32m  OK  [0m] Stopped target Network is Online.
[[0;32m  OK  [0m] Stopped target Cloud-config availability.
[[0;32m  OK  [0m] Stopped Wait until snapd is fully seeded.
         Stopping Regular background program processing daemon...
[[0;32m  OK  [0m] Stopped Daily apt download activities.
[[0;32m  OK  [0m] Stopped target System Time Synchronized.
         Stopping FUSE filesystem for LXC...
[[0;32m  OK  [0m] Stopped Daily Cleanup of Temporary Directories.
         Stopping Virtualbox guest utils...
         Stopping Getty on tty1...
[[0;32m  OK  [0m] Closed Load/Save RF Kill Switch Status /dev/rfkill Watch.
         Stopping LSB: Record successful boot for GRUB...
[[0;32m  OK  [0m] Unmounted /var/lib/lxcfs.
[[0;32m  OK  [0m] Stopped Accounts Service.
[[0;32m  OK  [0m] Stopped irqbalance daemon.
[[0;32m  OK  [0m] Stopped Dispatcher daemon for systemd-networkd.
[[0;32m  OK  [0m] Stopped System Logging Service.
[[0;32m  OK  [0m] Stopped Deferred execution scheduler.
[[0;32m  OK  [0m] Stopped Regular background program processing daemon.
[[0;32m  OK  [0m] Stopped Authorization Manager.
[[0;32m  OK  [0m] Stopped Serial Getty on ttyS0.
[[0;32m  OK  [0m] Stopped Getty on tty1.
[[0;32m  OK  [0m] Stopped OpenBSD Secure Shell server.
[[0;32m  OK  [0m] Stopped User Manager for UID 1000.
[[0;32m  OK  [0m] Stopped Availability of block devices.
[[0;32m  OK  [0m] Stopped D-Bus System Message Bus.
[[0;32m  OK  [0m] Stopped FUSE filesystem for LXC.
[[0;32m  OK  [0m] Stopped Session 7 of user vagrant.
[[0;32m  OK  [0m] Stopped LXD - container startup/shutdown.
[[0;32m  OK  [0m] Removed slice User Slice of vagrant.
         Stopping Login Service...
[[0;32m  OK  [0m] Removed slice system-getty.slice.
         Stopping Permit User Sessions...
[[0;32m  OK  [0m] Removed slice system-serial\x2dgetty.slice.
[[0;32m  OK  [0m] Stopped LSB: Record successful boot for GRUB.
[[0;32m  OK  [0m] Stopped Permit User Sessions.
[[0;32m  OK  [0m] Stopped target Network.
         Stopping Network Name Resolution...
[[0;32m  OK  [0m] Stopped Network Name Resolution.
[[0;32m  OK  [0m] Stopped LSB: automatic crash report generation.
[[0;32m  OK  [0m] Stopped Virtualbox guest utils.
[[0;32m  OK  [0m] Stopped target Remote File Systems.
[[0;32m  OK  [0m] Stopped target Remote File Systems (Pre).
         Stopping Network Service...
[[0;32m  OK  [0m] Stopped Login Service.
[[0;32m  OK  [0m] Stopped target Basic System.
[[0;32m  OK  [0m] Stopped target Slices.
[[0;32m  OK  [0m] Removed slice User and Session Slice.
[[0;32m  OK  [0m] Stopped target Paths.
[[0;32m  OK  [0m] Stopped ACPI Events Check.
[[0;32m  OK  [0m] Stopped target Sockets.
[[0;32m  OK  [0m] Closed LXD - unix socket.
[[0;32m  OK  [0m] Closed ACPID Listen Socket.
[[0;32m  OK  [0m] Closed Socket activation for snappy daemon.
[[0;32m  OK  [0m] Closed UUID daemon activation socket.
[[0;32m  OK  [0m] Closed Syslog Socket.
[[0;32m  OK  [0m] Closed Open-iSCSI iscsid Socket.
[[0;32m  OK  [0m] Stopped target User and Group Name Lookups.
[[0;32m  OK  [0m] Closed D-Bus System Message Bus Socket.
[[0;32m  OK  [0m] Stopped target System Initialization.
[[0;32m  OK  [0m] Stopped Commit a transient machine-id on disk.
[[0;32m  OK  [0m] Stopped target Local Encrypted Volumes.
[[0;32m  OK  [0m] Stopped Dispatch Password Requests to Console Directory Watch.
[[0;32m  OK  [0m] Stopped Forward Password Requests to Wall Directory Watch.
[[0;32m  OK  [0m] Stopped Initial cloud-init job (metadata service crawler).
         Stopping Update UTMP about System Boot/Shutdown...
         Stopping Load/Save Random Seed...
[[0;32m  OK  [0m] Stopped Network Service.
[[0;32m  OK  [0m] Stopped Load/Save Random Seed.
[[0;32m  OK  [0m] Stopped Apply Kernel Variables.
[[0;32m  OK  [0m] Stopped Load Kernel Modules.
[[0;32m  OK  [0m] Stopped target Network (Pre).
[[0;32m  OK  [0m] Stopped Initial cloud-init job (pre-networking).
[[0;32m  OK  [0m] Stopped Update UTMP about System Boot/Shutdown.
[[0;32m  OK  [0m] Stopped Create Volatile Files and Directories.
[[0;32m  OK  [0m] Stopped target Local File Systems.
         Unmounting /run/user/1000...
         Unmounting /vagrant...
[[0;32m  OK  [0m] Unmounted /run/user/1000.
[[0;32m  OK  [0m] Unmounted /vagrant.
[[0;32m  OK  [0m] Reached target Unmount All Filesystems.
[[0;32m  OK  [0m] Stopped target Local File Systems (Pre).
         Stopping Monitoring of LVM2 mirrors…ng dmeventd or progress polling...
[[0;32m  OK  [0m] Stopped Create Static Device Nodes in /dev.
[[0;32m  OK  [0m] Stopped Remount Root and Kernel File Systems.
[[0;32m  OK  [0m] Stopped target Swap.
[[0;32m  OK  [0m] Reached target Shutdown.
[[0;32m  OK  [0m] Reached target Final Step.
         Starting Power-Off...
[[0;32m  OK  [0m] Stopped Monitoring of LVM2 mirrors,…sing dmeventd or progress polling.
         Stopping LVM2 metadata daemon...
[[0;32m  OK  [0m] Stopped LVM2 metadata daemon.
[ 1201.127349] reboot: Power down
